[26-01-28 12:19:33] [INFO] [DEBUG] onEnable start -> 1769602773856

[26-01-28 12:19:33] [INFO] Using Economy Provider: com.earth2me.essentials.economy.vault.VaultEconomyProvider
[26-01-28 12:19:33] [INFO] [DEBUG] Starting load of Config at 1769602773933
[26-01-28 12:19:33] [INFO] [DEBUG] Config has been loaded. (took 7ms)
[26-01-28 12:19:33] [INFO] [DEBUG] Starting load of CommandsConfig at 1769602773941
[26-01-28 12:19:33] [INFO] [DEBUG] CommandsConfig has been loaded. (took 0ms)
[26-01-28 12:19:33] [INFO] [DEBUG] Starting load of Lang at 1769602773941
[26-01-28 12:19:33] [INFO] [DEBUG] Lang has been loaded. (took 16ms)
[26-01-28 12:19:33] [INFO] [DEBUG] Starting load of UserManagerImpl at 1769602773957
[26-01-28 12:19:33] [INFO] [DEBUG] UserManagerImpl has been loaded. (took 0ms)
[26-01-28 12:19:33] [INFO] [DEBUG] Starting load of GuiListener at 1769602773957
[26-01-28 12:19:33] [INFO] [DEBUG] GuiListener has been loaded. (took 0ms)
[26-01-28 12:19:33] [INFO] [DEBUG] Starting load of PartyManagerImpl at 1769602773957
[26-01-28 12:19:33] [INFO] [DEBUG] PartyManagerImpl has been loaded. (took 1ms)
[26-01-28 12:19:33] [INFO] [DEBUG] Starting load of KitManagerImpl at 1769602773958
[26-01-28 12:19:33] [INFO] [DEBUG] KitManagerImpl has been loaded. (took 15ms)
[26-01-28 12:19:33] [INFO] [DEBUG] Starting load of ArenaManagerImpl at 1769602773973
[26-01-28 12:19:33] [INFO] [DEBUG] ArenaManagerImpl has been loaded. (took 1ms)
[26-01-28 12:19:33] [INFO] [DEBUG] Starting load of SettingsManager at 1769602773974
[26-01-28 12:19:33] [INFO] [DEBUG] SettingsManager has been loaded. (took 0ms)
[26-01-28 12:19:33] [INFO] [DEBUG] Starting load of PlayerInfoManager at 1769602773974
[26-01-28 12:19:33] [WARNING] PlayerInfoManager: Lobby location was not set, using world's spawn location as default. Use the command /duels setlobby in-game to set the lobby location.
[26-01-28 12:19:33] [WARNING] PlayerInfoManager: Lobby location was not set, using world's spawn location as default. Use the command /duels setlobby in-game to set the lobby location.
[26-01-28 12:19:33] [INFO] [DEBUG] PlayerInfoManager has been loaded. (took 1ms)
[26-01-28 12:19:33] [INFO] [DEBUG] Starting load of SpectateManagerImpl at 1769602773975
[26-01-28 12:19:33] [INFO] [DEBUG] SpectateManagerImpl has been loaded. (took 0ms)
[26-01-28 12:19:33] [INFO] [DEBUG] Starting load of BettingManager at 1769602773975
[26-01-28 12:19:33] [INFO] [DEBUG] BettingManager has been loaded. (took 0ms)
[26-01-28 12:19:33] [INFO] [DEBUG] Starting load of InventoryManager at 1769602773975
[26-01-28 12:19:33] [INFO] [DEBUG] InventoryManager has been loaded. (took 0ms)
[26-01-28 12:19:33] [INFO] [DEBUG] Starting load of DuelManager at 1769602773975
[26-01-28 12:19:33] [INFO] [DEBUG] DuelManager has been loaded. (took 1ms)
[26-01-28 12:19:33] [INFO] [DEBUG] Starting load of QueueManager at 1769602773976
[26-01-28 12:19:33] [INFO] [DEBUG] QueueManager has been loaded. (took 0ms)
[26-01-28 12:19:33] [INFO] [DEBUG] Starting load of QueueSignManagerImpl at 1769602773976
[26-01-28 12:19:33] [INFO] [DEBUG] QueueSignManagerImpl has been loaded. (took 1ms)
[26-01-28 12:19:33] [INFO] [DEBUG] Starting load of RequestManager at 1769602773977
[26-01-28 12:19:33] [INFO] [DEBUG] RequestManager has been loaded. (took 0ms)
[26-01-28 12:19:33] [INFO] [DEBUG] Starting load of ValidatorManager at 1769602773977
[26-01-28 12:19:33] [INFO] [DEBUG] ValidatorManager has been loaded. (took 10ms)
[26-01-28 12:19:33] [INFO] [DEBUG] Starting load of Teleport at 1769602773988
[26-01-28 12:19:33] [INFO] [DEBUG] Teleport has been loaded. (took 0ms)
[26-01-28 14:40:46] [INFO] [DEBUG] onEnable start -> 1769611246927

[26-01-28 14:40:47] [INFO] Using Economy Provider: com.earth2me.essentials.economy.vault.VaultEconomyProvider
[26-01-28 14:40:47] [INFO] [DEBUG] Starting load of Config at 1769611247014
[26-01-28 14:40:47] [INFO] [DEBUG] Config has been loaded. (took 12ms)
[26-01-28 14:40:47] [INFO] [DEBUG] Starting load of CommandsConfig at 1769611247026
[26-01-28 14:40:47] [INFO] [DEBUG] CommandsConfig has been loaded. (took 1ms)
[26-01-28 14:40:47] [INFO] [DEBUG] Starting load of Lang at 1769611247027
[26-01-28 14:40:47] [INFO] [DEBUG] Lang has been loaded. (took 17ms)
[26-01-28 14:40:47] [INFO] [DEBUG] Starting load of UserManagerImpl at 1769611247045
[26-01-28 14:40:47] [INFO] [DEBUG] UserManagerImpl has been loaded. (took 0ms)
[26-01-28 14:40:47] [INFO] [DEBUG] Starting load of GuiListener at 1769611247045
[26-01-28 14:40:47] [INFO] [DEBUG] GuiListener has been loaded. (took 0ms)
[26-01-28 14:40:47] [INFO] [DEBUG] Starting load of PartyManagerImpl at 1769611247045
[26-01-28 14:40:47] [INFO] [DEBUG] PartyManagerImpl has been loaded. (took 0ms)
[26-01-28 14:40:47] [INFO] [DEBUG] Starting load of KitManagerImpl at 1769611247045
[26-01-28 14:40:47] [INFO] [DEBUG] KitManagerImpl has been loaded. (took 14ms)
[26-01-28 14:40:47] [INFO] [DEBUG] Starting load of ArenaManagerImpl at 1769611247059
[26-01-28 14:40:47] [INFO] [DEBUG] ArenaManagerImpl has been loaded. (took 1ms)
[26-01-28 14:40:47] [INFO] [DEBUG] Starting load of SettingsManager at 1769611247060
[26-01-28 14:40:47] [INFO] [DEBUG] SettingsManager has been loaded. (took 0ms)
[26-01-28 14:40:47] [INFO] [DEBUG] Starting load of PlayerInfoManager at 1769611247061
[26-01-28 14:40:47] [WARNING] PlayerInfoManager: Lobby location was not set, using world's spawn location as default. Use the command /duels setlobby in-game to set the lobby location.
[26-01-28 14:40:47] [WARNING] PlayerInfoManager: Lobby location was not set, using world's spawn location as default. Use the command /duels setlobby in-game to set the lobby location.
[26-01-28 14:40:47] [INFO] [DEBUG] PlayerInfoManager has been loaded. (took 0ms)
[26-01-28 14:40:47] [INFO] [DEBUG] Starting load of SpectateManagerImpl at 1769611247061
[26-01-28 14:40:47] [INFO] [DEBUG] SpectateManagerImpl has been loaded. (took 0ms)
[26-01-28 14:40:47] [INFO] [DEBUG] Starting load of BettingManager at 1769611247061
[26-01-28 14:40:47] [INFO] [DEBUG] BettingManager has been loaded. (took 0ms)
[26-01-28 14:40:47] [INFO] [DEBUG] Starting load of InventoryManager at 1769611247061
[26-01-28 14:40:47] [INFO] [DEBUG] InventoryManager has been loaded. (took 0ms)
[26-01-28 14:40:47] [INFO] [DEBUG] Starting load of DuelManager at 1769611247062
[26-01-28 14:40:47] [INFO] [DEBUG] DuelManager has been loaded. (took 0ms)
[26-01-28 14:40:47] [INFO] [DEBUG] Starting load of QueueManager at 1769611247062
[26-01-28 14:40:47] [INFO] [DEBUG] QueueManager has been loaded. (took 0ms)
[26-01-28 14:40:47] [INFO] [DEBUG] Starting load of QueueSignManagerImpl at 1769611247062
[26-01-28 14:40:47] [INFO] [DEBUG] QueueSignManagerImpl has been loaded. (took 1ms)
[26-01-28 14:40:47] [INFO] [DEBUG] Starting load of RequestManager at 1769611247063
[26-01-28 14:40:47] [INFO] [DEBUG] RequestManager has been loaded. (took 0ms)
[26-01-28 14:40:47] [INFO] [DEBUG] Starting load of ValidatorManager at 1769611247063
[26-01-28 14:40:47] [INFO] [DEBUG] ValidatorManager has been loaded. (took 10ms)
[26-01-28 14:40:47] [INFO] [DEBUG] Starting load of Teleport at 1769611247074
[26-01-28 14:40:47] [INFO] [DEBUG] Teleport has been loaded. (took 0ms)
[26-01-28 15:13:07] [INFO] [DEBUG] onEnable start -> 1769613187593

[26-01-28 15:13:07] [INFO] Using Economy Provider: com.earth2me.essentials.economy.vault.VaultEconomyProvider
[26-01-28 15:13:07] [INFO] [DEBUG] Starting load of Config at 1769613187697
[26-01-28 15:13:07] [INFO] [DEBUG] Config has been loaded. (took 12ms)
[26-01-28 15:13:07] [INFO] [DEBUG] Starting load of CommandsConfig at 1769613187711
[26-01-28 15:13:07] [INFO] [DEBUG] CommandsConfig has been loaded. (took 0ms)
[26-01-28 15:13:07] [INFO] [DEBUG] Starting load of Lang at 1769613187711
[26-01-28 15:13:07] [INFO] [DEBUG] Lang has been loaded. (took 23ms)
[26-01-28 15:13:07] [INFO] [DEBUG] Starting load of UserManagerImpl at 1769613187735
[26-01-28 15:13:07] [INFO] [DEBUG] UserManagerImpl has been loaded. (took 0ms)
[26-01-28 15:13:07] [INFO] [DEBUG] Starting load of GuiListener at 1769613187735
[26-01-28 15:13:07] [INFO] [DEBUG] GuiListener has been loaded. (took 0ms)
[26-01-28 15:13:07] [INFO] [DEBUG] Starting load of PartyManagerImpl at 1769613187735
[26-01-28 15:13:07] [INFO] [DEBUG] PartyManagerImpl has been loaded. (took 0ms)
[26-01-28 15:13:07] [INFO] [DEBUG] Starting load of KitManagerImpl at 1769613187735
[26-01-28 15:13:07] [INFO] [DEBUG] KitManagerImpl has been loaded. (took 20ms)
[26-01-28 15:13:07] [INFO] [DEBUG] Starting load of ArenaManagerImpl at 1769613187755
[26-01-28 15:13:07] [INFO] [DEBUG] ArenaManagerImpl has been loaded. (took 1ms)
[26-01-28 15:13:07] [INFO] [DEBUG] Starting load of SettingsManager at 1769613187756
[26-01-28 15:13:07] [INFO] [DEBUG] SettingsManager has been loaded. (took 0ms)
[26-01-28 15:13:07] [INFO] [DEBUG] Starting load of PlayerInfoManager at 1769613187756
[26-01-28 15:13:07] [WARNING] PlayerInfoManager: Lobby location was not set, using world's spawn location as default. Use the command /duels setlobby in-game to set the lobby location.
[26-01-28 15:13:07] [WARNING] PlayerInfoManager: Lobby location was not set, using world's spawn location as default. Use the command /duels setlobby in-game to set the lobby location.
[26-01-28 15:13:07] [INFO] [DEBUG] PlayerInfoManager has been loaded. (took 0ms)
[26-01-28 15:13:07] [INFO] [DEBUG] Starting load of SpectateManagerImpl at 1769613187756
[26-01-28 15:13:07] [INFO] [DEBUG] SpectateManagerImpl has been loaded. (took 0ms)
[26-01-28 15:13:07] [INFO] [DEBUG] Starting load of BettingManager at 1769613187757
[26-01-28 15:13:07] [INFO] [DEBUG] BettingManager has been loaded. (took 0ms)
[26-01-28 15:13:07] [INFO] [DEBUG] Starting load of InventoryManager at 1769613187757
[26-01-28 15:13:07] [INFO] [DEBUG] InventoryManager has been loaded. (took 0ms)
[26-01-28 15:13:07] [INFO] [DEBUG] Starting load of DuelManager at 1769613187757
[26-01-28 15:13:07] [INFO] [DEBUG] DuelManager has been loaded. (took 1ms)
[26-01-28 15:13:07] [INFO] [DEBUG] Starting load of QueueManager at 1769613187758
[26-01-28 15:13:07] [INFO] [DEBUG] QueueManager has been loaded. (took 0ms)
[26-01-28 15:13:07] [INFO] [DEBUG] Starting load of QueueSignManagerImpl at 1769613187759
[26-01-28 15:13:07] [INFO] [DEBUG] QueueSignManagerImpl has been loaded. (took 0ms)
[26-01-28 15:13:07] [INFO] [DEBUG] Starting load of RequestManager at 1769613187759
[26-01-28 15:13:07] [INFO] [DEBUG] RequestManager has been loaded. (took 0ms)
[26-01-28 15:13:07] [INFO] [DEBUG] Starting load of ValidatorManager at 1769613187759
[26-01-28 15:13:07] [INFO] [DEBUG] ValidatorManager has been loaded. (took 11ms)
[26-01-28 15:13:07] [INFO] [DEBUG] Starting load of Teleport at 1769613187770
[26-01-28 15:13:07] [INFO] [DEBUG] Teleport has been loaded. (took 0ms)
